commit 354b8c0cd3a131063939905cc95edd21b49511b1 (HEAD -> main, origin/main, origin/HEAD)
Author: Simmerjeet <ssjwms@gmail.com>
Date:   Mon Dec 5 23:15:11 2022 -0600

    Final submission

commit 02022339ee8ff97b335164a6956af18fff628231
Author: Simmerjeet <ssjwms@gmail.com>
Date:   Mon Dec 5 23:14:34 2022 -0600

    Final submission

commit c12a5a2b9a78f46b3101b7aa6a14fdaabb4ad32c
Author: shekhawatjs <jitss1@gmail.com>
Date:   Mon Dec 5 22:37:17 2022 -0600

    Jitendra's Work

commit 49d5f870083ee28f3a906887e9360bdab9a3ded5
Author: shekhawatjs <jitss1@gmail.com>
Date:   Mon Dec 5 22:17:58 2022 -0600

    Updating Stock and Covid files

commit bbe71387747f9129a6e308a942ab801327971f25
Author: taniya649 <taniyataniya2103@gmail.com>
Date:   Sun Dec 4 11:42:37 2022 -0600

    Taniya Update

commit 49ba82d765acec0fd40c5aae948b6b8f1cded487
Author: taniya649 <taniyataniya2103@gmail.com>
Date:   Sun Dec 4 11:30:59 2022 -0600

    Taniya's Final Submission

commit 6462335a14278d287f6781a01e524897919c5604
Author: taniya649 <taniyataniya2103@gmail.com>
Date:   Sun Dec 4 11:18:37 2022 -0600

    Taniya's Steps

commit 6767c5f6c0f540e3c66d31ff562907316ade7420
Author: Shekhawatjs <117867655+Shekhawatjs@users.noreply.github.com>
Date:   Wed Nov 30 12:27:14 2022 -0600

    Initial commit
(END)